#
# A fatal error has been detected by the Java Runtime Environment:
#
#  EXCEPTION_ACCESS_VIOLATION (0xc0000005) at pc=0x00007ffa0ff16c86, pid=15636, tid=3048
#
# JRE version: Java(TM) SE Runtime Environment (11.0.5+10) (build 11.0.5+10-LTS)
# Java VM: Java HotSpot(TM) 64-Bit Server VM (11.0.5+10-LTS, mixed mode, tiered, compressed oops, g1 gc, windows-amd64)
# Problematic frame:
# V  [jvm.dll+0x316c86]
#
# No core dump will be written. Minidumps are not enabled by default on client versions of Windows
#
# If you would like to submit a bug report, please visit:
#   http://bugreport.java.com/bugreport/crash.jsp
#

---------------  S U M M A R Y ------------

Command Line: -XX:TieredStopAtLevel=1 -Xverify:none -Dspring.output.ansi.enabled=always -Dcom.sun.management.jmxremote -Dspring.jmx.enabled=true -Dspring.liveBeansView.mbeanDomain -Dspring.application.admin.enabled=true -Dmanagement.endpoints.jmx.exposure.include=* -javaagent:D:\опнаю\IntelliJ IDEA 2022.3.2\lib\idea_rt.jar=50654:D:\опнаю\IntelliJ IDEA 2022.3.2\bin -agentpath:C:\Users\nakab\AppData\Local\Temp\libasyncProfiler.dll=start,jfr,event=cpu,interval=10ms,jfrsync=profile,cstack=no,file=C:\Users\nakab\SpringWebAppApplication_2023_02_19_104745.jfr -Dfile.encoding=UTF-8 com.example.springwebapp.SpringWebAppApplication

Host: Intel(R) Core(TM) i3-7020U CPU @ 2.30GHz, 4 cores, 7G,  Windows 10 , 64 bit Build 19041 (10.0.19041.2364)
Time: Sun Feb 19 10:47:59 2023 RTZ 4 (ГХЛЮ) elapsed time: 13 seconds (0d 0h 0m 13s)

---------------  T H R E A D  ---------------

Current thread (0x0000020239c22000):  GCTaskThread "GC Thread#1" [stack: 0x000000d90d300000,0x000000d90d400000] [id=3048]

Stack: [0x000000d90d300000,0x000000d90d400000],  sp=0x000000d90d3ff600,  free space=1021k
Native frames: (J=compiled Java code, j=interpreted, Vv=VM code, C=native code)
V  [jvm.dll+0x316c86]
V  [jvm.dll+0x329646]
V  [jvm.dll+0x40c645]
V  [jvm.dll+0x329f84]
V  [jvm.dll+0x3299c6]
V  [jvm.dll+0x2f5cb0]
V  [jvm.dll+0x7a6610]
V  [jvm.dll+0x6351c2]
C  [ucrtbase.dll+0x21bb2]
C  [KERNEL32.DLL+0x17614]
C  [ntdll.dll+0x526a1]


siginfo: EXCEPTION_ACCESS_VIOLATION (0xc0000005), reading address 0x0000000202399284


Register to memory mapping:

RIP=0x00007ffa0ff16c86 jvm.dll
RAX=0x0000000202399284 is an unknown value
RBX=0x000002023ae2bd38 points into unknown readable memory: d0 2c 48 10 fa 7f 00 00
RCX=0x000002021951a540 points into unknown readable memory: 50 92 48 10 fa 7f 00 00
RDX=0x000000000000089b is an unknown value
RSP=0x000000d90d3ff600 points into unknown readable memory: 01 bd e2 3a 02 02 00 00
RBP=0x000002023af0ea20 points into unknown readable memory: 58 18 48 10 fa 7f 00 00
RSI=0x0 is NULL
RDI=0x0000000000000001 is an unknown value
R8 =0x0000000000000008 is an unknown value
R9 =0x00000001000eb2b0 is a pointer to class: 
jdk.jfr.internal.EventWriter {0x00000001000eb2b8}
R10=0x0000000089b06e80 is an oop: jdk.jfr.internal.EventWriter 
{0x0000000089b06e80} - klass: 'jdk/jfr/internal/EventWriter'
R11=0x0000000000000001 is an unknown value
R12=0x0 is NULL
R13=0x0000000000000008 is an unknown value
R14=0x0000000089b06e80 is an oop: jdk.jfr.internal.EventWriter 
{0x0000000089b06e80} - klass: 'jdk/jfr/internal/EventWriter'
R15=0x0000000202399284 is an unknown value


Registers:
RAX=0x0000000202399284, RBX=0x000002023ae2bd38, RCX=0x000002021951a540, RDX=0x000000000000089b
RSP=0x000000d90d3ff600, RBP=0x000002023af0ea20, RSI=0x0000000000000000, RDI=0x0000000000000001
R8 =0x0000000000000008, R9 =0x00000001000eb2b0, R10=0x0000000089b06e80, R11=0x0000000000000001
R12=0x0000000000000000, R13=0x0000000000000008, R14=0x0000000089b06e80, R15=0x0000000202399284
RIP=0x00007ffa0ff16c86, EFLAGS=0x0000000000010206

Top of Stack: (sp=0x000000d90d3ff600)
0x000000d90d3ff600:   000002023ae2bd01 0000000088838740
0x000000d90d3ff610:   000002023af0ea20 0000000000000000
0x000000d90d3ff620:   0000000000000000 0000000000000000
0x000000d90d3ff630:   0000000300000000 0000000000000000
0x000000d90d3ff640:   0000000000000000 000002023af0ea20
0x000000d90d3ff650:   000002023ae2bd38 00000000000003d8
0x000000d90d3ff660:   0000020239c82ed0 0000020238723e28
0x000000d90d3ff670:   0000000000000001 00007ffa0ff29646
0x000000d90d3ff680:   0000000000000001 00007ffa10340e00
0x000000d90d3ff690:   0000000000000009 000002023ae2bd38
0x000000d90d3ff6a0:   0000064271e4a24d 00007ffa103378a4
0x000000d90d3ff6b0:   000000d90d3ff730 00007ffa0ff0c608
0x000000d90d3ff6c0:   000000d90d3ff730 00007ffa0ff0bcc8
0x000000d90d3ff6d0:   0000020238723d40 00007ffa1000c645
0x000000d90d3ff6e0:   0000020219471508 0000003fc0000000
0x000000d90d3ff6f0:   000000000846305b 0000000765e4f67a 

Instructions: (pc=0x00007ffa0ff16c86)
0x00007ffa0ff16c66:   44 24 34 40 80 ff 01 75 2f 41 0f b6 c7 f6 d0 40
0x00007ffa0ff16c76:   84 c7 75 05 4d 8b e7 eb 0a 49 8b c7 48 83 e0 fd
0x00007ffa0ff16c86:   4c 8b 20 49 c1 ec 03 41 83 e4 0f 44 3b a5 6c 01
0x00007ffa0ff16c96:   00 00 73 04 b3 01 eb 0c 48 0f be c7 0f b6 9c 28 


Stack slot to memory mapping:
stack at sp + 0 slots: 0x000002023ae2bd01 points into unknown readable memory: 1c 00 5f 00 60 00 00
stack at sp + 1 slots: 0x0000000088838740 is an oop: [B 
{0x0000000088838740} - klass: {type array byte}
 - length: 74475
stack at sp + 2 slots: 0x000002023af0ea20 points into unknown readable memory: 58 18 48 10 fa 7f 00 00
stack at sp + 3 slots: 0x0 is NULL
stack at sp + 4 slots: 0x0 is NULL
stack at sp + 5 slots: 0x0 is NULL
stack at sp + 6 slots: 0x0000000300000000 is an unknown value
stack at sp + 7 slots: 0x0 is NULL


---------------  P R O C E S S  ---------------

Threads class SMR info:
_java_thread_list=0x000002023acd3830, length=17, elements={
0x0000020219411000, 0x000002023870b000, 0x0000020238714000, 0x000002023876e000,
0x000002023876f000, 0x0000020238771000, 0x00000202195eb000, 0x00000202386db800,
0x0000020238bf2800, 0x0000020239c7e800, 0x000002023a9af800, 0x000002023a9a7000,
0x000002023a2c0800, 0x000002023abe7800, 0x000002023abf8000, 0x000002023abf9000,
0x000002023ad09000
}

Java Threads: ( => current thread )
  0x0000020219411000 JavaThread "main" [_thread_blocked, id=22360, stack(0x000000d90c300000,0x000000d90c400000)]
  0x000002023870b000 JavaThread "Reference Handler" daemon [_thread_blocked, id=5760, stack(0x000000d90ca00000,0x000000d90cb00000)]
  0x0000020238714000 JavaThread "Finalizer" daemon [_thread_blocked, id=20704, stack(0x000000d90cb00000,0x000000d90cc00000)]
  0x000002023876e000 JavaThread "Signal Dispatcher" daemon [_thread_blocked, id=13292, stack(0x000000d90cc00000,0x000000d90cd00000)]
  0x000002023876f000 JavaThread "Attach Listener" daemon [_thread_blocked, id=10676, stack(0x000000d90cd00000,0x000000d90ce00000)]
  0x0000020238771000 JavaThread "C1 CompilerThread0" daemon [_thread_blocked, id=10724, stack(0x000000d90ce00000,0x000000d90cf00000)]
  0x00000202195eb000 JavaThread "Sweeper thread" daemon [_thread_blocked, id=18696, stack(0x000000d90cf00000,0x000000d90d000000)]
  0x00000202386db800 JavaThread "Common-Cleaner" daemon [_thread_blocked, id=17024, stack(0x000000d90d000000,0x000000d90d100000)]
  0x0000020238bf2800 JavaThread "Monitor Ctrl-Break" daemon [_thread_in_native, id=196, stack(0x000000d90d100000,0x000000d90d200000)]
  0x0000020239c7e800 JavaThread "JFR Recorder Thread" daemon [_thread_blocked, id=2432, stack(0x000000d90d200000,0x000000d90d300000)]
  0x000002023a9af800 JavaThread "JFR Periodic Tasks" daemon [_thread_blocked, id=21740, stack(0x000000d90d600000,0x000000d90d700000)]
  0x000002023a9a7000 JavaThread "JFR Recording Scheduler" daemon [_thread_blocked, id=13168, stack(0x000000d90d800000,0x000000d90d900000)]
  0x000002023a2c0800 JavaThread "Native threads sampler" daemon [_thread_in_native, id=15100, stack(0x000000d90d900000,0x000000d90da00000)]
  0x000002023abe7800 JavaThread "Java threads sampler" daemon [_thread_blocked, id=9164, stack(0x000000d90d700000,0x000000d90d800000)]
  0x000002023abf8000 JavaThread "Async-profiler Timer" daemon [_thread_in_native, id=17480, stack(0x000000d90da00000,0x000000d90db00000)]
  0x000002023abf9000 JavaThread "Service Thread" daemon [_thread_blocked, id=14800, stack(0x000000d90db00000,0x000000d90dc00000)]
  0x000002023ad09000 JavaThread "RMI TCP Accept-0" daemon [_thread_in_native, id=19024, stack(0x000000d90dc00000,0x000000d90dd00000)]

Other Threads:
  0x00000202386e1000 VMThread "VM Thread" [stack: 0x000000d90c900000,0x000000d90ca00000] [id=21532]
  0x000002023ad20000 WatcherThread [stack: 0x000000d90dd00000,0x000000d90de00000] [id=13720]
  0x0000020219430800 GCTaskThread "GC Thread#0" [stack: 0x000000d90c400000,0x000000d90c500000] [id=11540]
=>0x0000020239c22000 GCTaskThread "GC Thread#1" [stack: 0x000000d90d300000,0x000000d90d400000] [id=3048]
  0x0000020239c21800 GCTaskThread "GC Thread#2" [stack: 0x000000d90d400000,0x000000d90d500000] [id=21628]
  0x0000020219460800 ConcurrentGCThread "G1 Main Marker" [stack: 0x000000d90c500000,0x000000d90c600000] [id=10012]
  0x0000020219464000 ConcurrentGCThread "G1 Conc#0" [stack: 0x000000d90c600000,0x000000d90c700000] [id=9320]
  0x000002021952e800 ConcurrentGCThread "G1 Refine#0" [stack: 0x000000d90c700000,0x000000d90c800000] [id=14740]
  0x0000020238d02000 ConcurrentGCThread "G1 Refine#1" [stack: 0x000000d90d500000,0x000000d90d600000] [id=18288]
  0x000002021952f800 ConcurrentGCThread "G1 Young RemSet Sampling" [stack: 0x000000d90c800000,0x000000d90c900000] [id=17956]

Threads with active compile tasks:

VM state:at safepoint (normal execution)

VM Mutex/Monitor currently owned by a thread:  ([mutex/lock_event])
[0x00000202191dc6b0] Threads_lock - owner thread: 0x00000202386e1000
[0x00000202191db930] Heap_lock - owner thread: 0x0000020219411000

Heap address: 0x0000000081e00000, size: 2018 MB, Compressed Oops mode: 32-bit
Narrow klass base: 0x0000000000000000, Narrow klass shift: 3
Compressed class space size: 1073741824 Address: 0x0000000100000000

Heap:
 garbage-first heap   total 131072K, used 26435K [0x0000000081e00000, 0x0000000100000000)
  region size 1024K, 23 young (23552K), 3 survivors (3072K)
 Metaspace       used 17281K, capacity 17722K, committed 17920K, reserved 1064960K
  class space    used 1835K, capacity 2006K, committed 2048K, reserved 1048576K
Heap Regions: E=young(eden), S=young(survivor), O=old, HS=humongous(starts), HC=humongous(continues), CS=collection set, F=free, A=archive, TAMS=top-at-mark-start (previous, next)
|   0|0x0000000081e00000, 0x0000000081f00000, 0x0000000081f00000|100%| O|  |TAMS 0x0000000081e00000, 0x0000000081e00000| Untracked 
|   1|0x0000000081f00000, 0x0000000082000000, 0x0000000082000000|100%| O|  |TAMS 0x0000000081f00000, 0x0000000081f00000| Untracked 
|   2|0x0000000082000000, 0x0000000082100000, 0x0000000082100000|100%| O|  |TAMS 0x0000000082000000, 0x0000000082000000| Untracked 
|   3|0x0000000082100000, 0x0000000082200000, 0x0000000082200000|100%| O|  |TAMS 0x0000000082100000, 0x0000000082100000| Untracked 
|   4|0x0000000082200000, 0x00000000822d0c00, 0x0000000082300000| 81%| O|  |TAMS 0x0000000082200000, 0x0000000082200000| Untracked 
|   5|0x0000000082300000, 0x0000000082300000, 0x0000000082400000|  0%| F|  |TAMS 0x0000000082300000, 0x0000000082300000| Untracked 
|   6|0x0000000082400000, 0x0000000082400000, 0x0000000082500000|  0%| F|  |TAMS 0x0000000082400000, 0x0000000082400000| Untracked 
|   7|0x0000000082500000, 0x0000000082500000, 0x0000000082600000|  0%| F|  |TAMS 0x0000000082500000, 0x0000000082500000| Untracked 
|   8|0x0000000082600000, 0x0000000082600000, 0x0000000082700000|  0%| F|  |TAMS 0x0000000082600000, 0x0000000082600000| Untracked 
|   9|0x0000000082700000, 0x0000000082700000, 0x0000000082800000|  0%| F|  |TAMS 0x0000000082700000, 0x0000000082700000| Untracked 
|  10|0x0000000082800000, 0x0000000082800000, 0x0000000082900000|  0%| F|  |TAMS 0x0000000082800000, 0x0000000082800000| Untracked 
|  11|0x0000000082900000, 0x0000000082900000, 0x0000000082a00000|  0%| F|  |TAMS 0x0000000082900000, 0x0000000082900000| Untracked 
|  12|0x0000000082a00000, 0x0000000082a00000, 0x0000000082b00000|  0%| F|  |TAMS 0x0000000082a00000, 0x0000000082a00000| Untracked 
|  13|0x0000000082b00000, 0x0000000082b00000, 0x0000000082c00000|  0%| F|  |TAMS 0x0000000082b00000, 0x0000000082b00000| Untracked 
|  14|0x0000000082c00000, 0x0000000082c00000, 0x0000000082d00000|  0%| F|  |TAMS 0x0000000082c00000, 0x0000000082c00000| Untracked 
|  15|0x0000000082d00000, 0x0000000082d00000, 0x0000000082e00000|  0%| F|  |TAMS 0x0000000082d00000, 0x0000000082d00000| Untracked 
|  16|0x0000000082e00000, 0x0000000082e00000, 0x0000000082f00000|  0%| F|  |TAMS 0x0000000082e00000, 0x0000000082e00000| Untracked 
|  17|0x0000000082f00000, 0x0000000082f00000, 0x0000000083000000|  0%| F|  |TAMS 0x0000000082f00000, 0x0000000082f00000| Untracked 
|  18|0x0000000083000000, 0x0000000083000000, 0x0000000083100000|  0%| F|  |TAMS 0x0000000083000000, 0x0000000083000000| Untracked 
|  19|0x0000000083100000, 0x0000000083100000, 0x0000000083200000|  0%| F|  |TAMS 0x0000000083100000, 0x0000000083100000| Untracked 
|  20|0x0000000083200000, 0x0000000083200000, 0x0000000083300000|  0%| F|  |TAMS 0x0000000083200000, 0x0000000083200000| Untracked 
|  21|0x0000000083300000, 0x0000000083300000, 0x0000000083400000|  0%| F|  |TAMS 0x0000000083300000, 0x0000000083300000| Untracked 
|  22|0x0000000083400000, 0x0000000083400000, 0x0000000083500000|  0%| F|  |TAMS 0x0000000083400000, 0x0000000083400000| Untracked 
|  23|0x0000000083500000, 0x0000000083500000, 0x0000000083600000|  0%| F|  |TAMS 0x0000000083500000, 0x0000000083500000| Untracked 
|  24|0x0000000083600000, 0x0000000083600000, 0x0000000083700000|  0%| F|  |TAMS 0x0000000083600000, 0x0000000083600000| Untracked 
|  25|0x0000000083700000, 0x0000000083700000, 0x0000000083800000|  0%| F|  |TAMS 0x0000000083700000, 0x0000000083700000| Untracked 
|  26|0x0000000083800000, 0x0000000083800000, 0x0000000083900000|  0%| F|  |TAMS 0x0000000083800000, 0x0000000083800000| Untracked 
|  27|0x0000000083900000, 0x0000000083900000, 0x0000000083a00000|  0%| F|  |TAMS 0x0000000083900000, 0x0000000083900000| Untracked 
|  28|0x0000000083a00000, 0x0000000083a00000, 0x0000000083b00000|  0%| F|  |TAMS 0x0000000083a00000, 0x0000000083a00000| Untracked 
|  29|0x0000000083b00000, 0x0000000083b00000, 0x0000000083c00000|  0%| F|  |TAMS 0x0000000083b00000, 0x0000000083b00000| Untracked 
|  30|0x0000000083c00000, 0x0000000083c00000, 0x0000000083d00000|  0%| F|  |TAMS 0x0000000083c00000, 0x0000000083c00000| Untracked 
|  31|0x0000000083d00000, 0x0000000083d00000, 0x0000000083e00000|  0%| F|  |TAMS 0x0000000083d00000, 0x0000000083d00000| Untracked 
|  32|0x0000000083e00000, 0x0000000083e00000, 0x0000000083f00000|  0%| F|  |TAMS 0x0000000083e00000, 0x0000000083e00000| Untracked 
|  33|0x0000000083f00000, 0x0000000083f00000, 0x0000000084000000|  0%| F|  |TAMS 0x0000000083f00000, 0x0000000083f00000| Untracked 
|  34|0x0000000084000000, 0x0000000084000000, 0x0000000084100000|  0%| F|  |TAMS 0x0000000084000000, 0x0000000084000000| Untracked 
|  35|0x0000000084100000, 0x0000000084100000, 0x0000000084200000|  0%| F|  |TAMS 0x0000000084100000, 0x0000000084100000| Untracked 
|  36|0x0000000084200000, 0x0000000084200000, 0x0000000084300000|  0%| F|  |TAMS 0x0000000084200000, 0x0000000084200000| Untracked 
|  37|0x0000000084300000, 0x0000000084300000, 0x0000000084400000|  0%| F|  |TAMS 0x0000000084300000, 0x0000000084300000| Untracked 
|  38|0x0000000084400000, 0x0000000084400000, 0x0000000084500000|  0%| F|  |TAMS 0x0000000084400000, 0x0000000084400000| Untracked 
|  39|0x0000000084500000, 0x0000000084500000, 0x0000000084600000|  0%| F|  |TAMS 0x0000000084500000, 0x0000000084500000| Untracked 
|  40|0x0000000084600000, 0x0000000084600000, 0x0000000084700000|  0%| F|  |TAMS 0x0000000084600000, 0x0000000084600000| Untracked 
|  41|0x0000000084700000, 0x0000000084700000, 0x0000000084800000|  0%| F|  |TAMS 0x0000000084700000, 0x0000000084700000| Untracked 
|  42|0x0000000084800000, 0x0000000084800000, 0x0000000084900000|  0%| F|  |TAMS 0x0000000084800000, 0x0000000084800000| Untracked 
|  43|0x0000000084900000, 0x0000000084900000, 0x0000000084a00000|  0%| F|  |TAMS 0x0000000084900000, 0x0000000084900000| Untracked 
|  44|0x0000000084a00000, 0x0000000084a00000, 0x0000000084b00000|  0%| F|  |TAMS 0x0000000084a00000, 0x0000000084a00000| Untracked 
|  45|0x0000000084b00000, 0x0000000084b00000, 0x0000000084c00000|  0%| F|  |TAMS 0x0000000084b00000, 0x0000000084b00000| Untracked 
|  46|0x0000000084c00000, 0x0000000084c00000, 0x0000000084d00000|  0%| F|  |TAMS 0x0000000084c00000, 0x0000000084c00000| Untracked 
|  47|0x0000000084d00000, 0x0000000084d00000, 0x0000000084e00000|  0%| F|  |TAMS 0x0000000084d00000, 0x0000000084d00000| Untracked 
|  48|0x0000000084e00000, 0x0000000084e00000, 0x0000000084f00000|  0%| F|  |TAMS 0x0000000084e00000, 0x0000000084e00000| Untracked 
|  49|0x0000000084f00000, 0x0000000084f00000, 0x0000000085000000|  0%| F|  |TAMS 0x0000000084f00000, 0x0000000084f00000| Untracked 
|  50|0x0000000085000000, 0x0000000085000000, 0x0000000085100000|  0%| F|  |TAMS 0x0000000085000000, 0x0000000085000000| Untracked 
|  51|0x0000000085100000, 0x0000000085100000, 0x0000000085200000|  0%| F|  |TAMS 0x0000000085100000, 0x0000000085100000| Untracked 
|  52|0x0000000085200000, 0x0000000085200000, 0x0000000085300000|  0%| F|  |TAMS 0x0000000085200000, 0x0000000085200000| Untracked 
|  53|0x0000000085300000, 0x0000000085300000, 0x0000000085400000|  0%| F|  |TAMS 0x0000000085300000, 0x0000000085300000| Untracked 
|  54|0x0000000085400000, 0x0000000085400000, 0x0000000085500000|  0%| F|  |TAMS 0x0000000085400000, 0x0000000085400000| Untracked 
|  55|0x0000000085500000, 0x0000000085500000, 0x0000000085600000|  0%| F|  |TAMS 0x0000000085500000, 0x0000000085500000| Untracked 
|  56|0x0000000085600000, 0x0000000085600000, 0x0000000085700000|  0%| F|  |TAMS 0x0000000085600000, 0x0000000085600000| Untracked 
|  57|0x0000000085700000, 0x0000000085700000, 0x0000000085800000|  0%| F|  |TAMS 0x0000000085700000, 0x0000000085700000| Untracked 
|  58|0x0000000085800000, 0x0000000085800000, 0x0000000085900000|  0%| F|  |TAMS 0x0000000085800000, 0x0000000085800000| Untracked 
|  59|0x0000000085900000, 0x0000000085900000, 0x0000000085a00000|  0%| F|  |TAMS 0x0000000085900000, 0x0000000085900000| Untracked 
|  60|0x0000000085a00000, 0x0000000085a00000, 0x0000000085b00000|  0%| F|  |TAMS 0x0000000085a00000, 0x0000000085a00000| Untracked 
|  61|0x0000000085b00000, 0x0000000085b00000, 0x0000000085c00000|  0%| F|  |TAMS 0x0000000085b00000, 0x0000000085b00000| Untracked 
|  62|0x0000000085c00000, 0x0000000085c00000, 0x0000000085d00000|  0%| F|  |TAMS 0x0000000085c00000, 0x0000000085c00000| Untracked 
|  63|0x0000000085d00000, 0x0000000085d00000, 0x0000000085e00000|  0%| F|  |TAMS 0x0000000085d00000, 0x0000000085d00000| Untracked 
|  64|0x0000000085e00000, 0x0000000085e00000, 0x0000000085f00000|  0%| F|  |TAMS 0x0000000085e00000, 0x0000000085e00000| Untracked 
|  65|0x0000000085f00000, 0x0000000085f00000, 0x0000000086000000|  0%| F|  |TAMS 0x0000000085f00000, 0x0000000085f00000| Untracked 
|  66|0x0000000086000000, 0x0000000086000000, 0x0000000086100000|  0%| F|  |TAMS 0x0000000086000000, 0x0000000086000000| Untracked 
|  67|0x0000000086100000, 0x0000000086100000, 0x0000000086200000|  0%| F|  |TAMS 0x0000000086100000, 0x0000000086100000| Untracked 
|  68|0x0000000086200000, 0x0000000086200000, 0x0000000086300000|  0%| F|  |TAMS 0x0000000086200000, 0x0000000086200000| Untracked 
|  69|0x0000000086300000, 0x0000000086300000, 0x0000000086400000|  0%| F|  |TAMS 0x0000000086300000, 0x0000000086300000| Untracked 
|  70|0x0000000086400000, 0x0000000086400000, 0x0000000086500000|  0%| F|  |TAMS 0x0000000086400000, 0x0000000086400000| Untracked 
|  71|0x0000000086500000, 0x0000000086500000, 0x0000000086600000|  0%| F|  |TAMS 0x0000000086500000, 0x0000000086500000| Untracked 
|  72|0x0000000086600000, 0x0000000086600000, 0x0000000086700000|  0%| F|  |TAMS 0x0000000086600000, 0x0000000086600000| Untracked 
|  73|0x0000000086700000, 0x0000000086700000, 0x0000000086800000|  0%| F|  |TAMS 0x0000000086700000, 0x0000000086700000| Untracked 
|  74|0x0000000086800000, 0x0000000086800000, 0x0000000086900000|  0%| F|  |TAMS 0x0000000086800000, 0x0000000086800000| Untracked 
|  75|0x0000000086900000, 0x0000000086900000, 0x0000000086a00000|  0%| F|  |TAMS 0x0000000086900000, 0x0000000086900000| Untracked 
|  76|0x0000000086a00000, 0x0000000086a00000, 0x0000000086b00000|  0%| F|  |TAMS 0x0000000086a00000, 0x0000000086a00000| Untracked 
|  77|0x0000000086b00000, 0x0000000086b00000, 0x0000000086c00000|  0%| F|  |TAMS 0x0000000086b00000, 0x0000000086b00000| Untracked 
|  78|0x0000000086c00000, 0x0000000086c00000, 0x0000000086d00000|  0%| F|  |TAMS 0x0000000086c00000, 0x0000000086c00000| Untracked 
|  79|0x0000000086d00000, 0x0000000086d00000, 0x0000000086e00000|  0%| F|  |TAMS 0x0000000086d00000, 0x0000000086d00000| Untracked 
|  80|0x0000000086e00000, 0x0000000086e00000, 0x0000000086f00000|  0%| F|  |TAMS 0x0000000086e00000, 0x0000000086e00000| Untracked 
|  81|0x0000000086f00000, 0x0000000086f00000, 0x0000000087000000|  0%| F|  |TAMS 0x0000000086f00000, 0x0000000086f00000| Untracked 
|  82|0x0000000087000000, 0x0000000087000000, 0x0000000087100000|  0%| F|  |TAMS 0x0000000087000000, 0x0000000087000000| Untracked 
|  83|0x0000000087100000, 0x0000000087100000, 0x0000000087200000|  0%| F|  |TAMS 0x0000000087100000, 0x0000000087100000| Untracked 
|  84|0x0000000087200000, 0x0000000087200000, 0x0000000087300000|  0%| F|  |TAMS 0x0000000087200000, 0x0000000087200000| Untracked 
|  85|0x0000000087300000, 0x0000000087300000, 0x0000000087400000|  0%| F|  |TAMS 0x0000000087300000, 0x0000000087300000| Untracked 
|  86|0x0000000087400000, 0x0000000087400000, 0x0000000087500000|  0%| F|  |TAMS 0x0000000087400000, 0x0000000087400000| Untracked 
|  87|0x0000000087500000, 0x0000000087500000, 0x0000000087600000|  0%| F|  |TAMS 0x0000000087500000, 0x0000000087500000| Untracked 
|  88|0x0000000087600000, 0x0000000087600000, 0x0000000087700000|  0%| F|  |TAMS 0x0000000087600000, 0x0000000087600000| Untracked 
|  89|0x0000000087700000, 0x0000000087700000, 0x0000000087800000|  0%| F|  |TAMS 0x0000000087700000, 0x0000000087700000| Untracked 
|  90|0x0000000087800000, 0x0000000087800000, 0x0000000087900000|  0%| F|  |TAMS 0x0000000087800000, 0x0000000087800000| Untracked 
|  91|0x0000000087900000, 0x0000000087900000, 0x0000000087a00000|  0%| F|  |TAMS 0x0000000087900000, 0x0000000087900000| Untracked 
|  92|0x0000000087a00000, 0x0000000087a00000, 0x0000000087b00000|  0%| F|  |TAMS 0x0000000087a00000, 0x0000000087a00000| Untracked 
|  93|0x0000000087b00000, 0x0000000087b00000, 0x0000000087c00000|  0%| F|  |TAMS 0x0000000087b00000, 0x0000000087b00000| Untracked 
|  94|0x0000000087c00000, 0x0000000087c00000, 0x0000000087d00000|  0%| F|  |TAMS 0x0000000087c00000, 0x0000000087c00000| Untracked 
|  95|0x0000000087d00000, 0x0000000087d00000, 0x0000000087e00000|  0%| F|  |TAMS 0x0000000087d00000, 0x0000000087d00000| Untracked 
|  96|0x0000000087e00000, 0x0000000087e00000, 0x0000000087f00000|  0%| F|  |TAMS 0x0000000087e00000, 0x0000000087e00000| Untracked 
|  97|0x0000000087f00000, 0x0000000087f00000, 0x0000000088000000|  0%| F|  |TAMS 0x0000000087f00000, 0x0000000087f00000| Untracked 
|  98|0x0000000088000000, 0x0000000088000000, 0x0000000088100000|  0%| F|  |TAMS 0x0000000088000000, 0x0000000088000000| Untracked 
|  99|0x0000000088100000, 0x0000000088100000, 0x0000000088200000|  0%| F|  |TAMS 0x0000000088100000, 0x0000000088100000| Untracked 
| 100|0x0000000088200000, 0x0000000088200000, 0x0000000088300000|  0%| F|  |TAMS 0x0000000088200000, 0x0000000088200000| Untracked 
| 101|0x0000000088300000, 0x0000000088300000, 0x0000000088400000|  0%| F|  |TAMS 0x0000000088300000, 0x0000000088300000| Untracked 
| 102|0x0000000088400000, 0x0000000088400000, 0x0000000088500000|  0%| F|  |TAMS 0x0000000088400000, 0x0000000088400000| Untracked 
| 103|0x0000000088500000, 0x0000000088500000, 0x0000000088600000|  0%| F|  |TAMS 0x0000000088500000, 0x0000000088500000| Untracked 
| 104|0x0000000088600000, 0x000000008869fd38, 0x0000000088700000| 62%| S|  |TAMS 0x0000000088600000, 0x0000000088600000| Complete 
| 105|0x0000000088700000, 0x0000000088800000, 0x0000000088800000|100%| S|  |TAMS 0x0000000088700000, 0x0000000088700000| Complete 
| 106|0x0000000088800000, 0x0000000088900000, 0x0000000088900000|100%| S|  |TAMS 0x0000000088800000, 0x0000000088800000| Complete 
| 107|0x0000000088900000, 0x0000000088a00000, 0x0000000088a00000|100%| E|CS|TAMS 0x0000000088900000, 0x0000000088900000| Complete 
| 108|0x0000000088a00000, 0x0000000088b00000, 0x0000000088b00000|100%| E|CS|TAMS 0x0000000088a00000, 0x0000000088a00000| Complete 
| 109|0x0000000088b00000, 0x0000000088c00000, 0x0000000088c00000|100%| E|CS|TAMS 0x0000000088b00000, 0x0000000088b00000| Complete 
| 110|0x0000000088c00000, 0x0000000088d00000, 0x0000000088d00000|100%| E|CS|TAMS 0x0000000088c00000, 0x0000000088c00000| Complete 
| 111|0x0000000088d00000, 0x0000000088e00000, 0x0000000088e00000|100%| E|CS|TAMS 0x0000000088d00000, 0x0000000088d00000| Complete 
| 112|0x0000000088e00000, 0x0000000088f00000, 0x0000000088f00000|100%| E|CS|TAMS 0x0000000088e00000, 0x0000000088e00000| Complete 
| 113|0x0000000088f00000, 0x0000000089000000, 0x0000000089000000|100%| E|CS|TAMS 0x0000000088f00000, 0x0000000088f00000| Complete 
| 114|0x0000000089000000, 0x0000000089100000, 0x0000000089100000|100%| E|CS|TAMS 0x0000000089000000, 0x0000000089000000| Complete 
| 115|0x0000000089100000, 0x0000000089200000, 0x0000000089200000|100%| E|CS|TAMS 0x0000000089100000, 0x0000000089100000| Complete 
| 116|0x0000000089200000, 0x0000000089300000, 0x0000000089300000|100%| E|CS|TAMS 0x0000000089200000, 0x0000000089200000| Complete 
| 117|0x0000000089300000, 0x0000000089400000, 0x0000000089400000|100%| E|CS|TAMS 0x0000000089300000, 0x0000000089300000| Complete 
| 118|0x0000000089400000, 0x0000000089500000, 0x0000000089500000|100%| E|CS|TAMS 0x0000000089400000, 0x0000000089400000| Complete 
| 119|0x0000000089500000, 0x0000000089600000, 0x0000000089600000|100%| E|CS|TAMS 0x0000000089500000, 0x0000000089500000| Complete 
| 120|0x0000000089600000, 0x0000000089700000, 0x0000000089700000|100%| E|CS|TAMS 0x0000000089600000, 0x0000000089600000| Complete 
| 121|0x0000000089700000, 0x0000000089800000, 0x0000000089800000|100%| E|CS|TAMS 0x0000000089700000, 0x0000000089700000| Complete 
| 122|0x0000000089800000, 0x0000000089900000, 0x0000000089900000|100%| E|CS|TAMS 0x0000000089800000, 0x0000000089800000| Complete 
| 123|0x0000000089900000, 0x0000000089a00000, 0x0000000089a00000|100%| E|CS|TAMS 0x0000000089900000, 0x0000000089900000| Complete 
| 124|0x0000000089a00000, 0x0000000089b00000, 0x0000000089b00000|100%| E|CS|TAMS 0x0000000089a00000, 0x0000000089a00000| Complete 
| 125|0x0000000089b00000, 0x0000000089c00000, 0x0000000089c00000|100%| E|CS|TAMS 0x0000000089b00000, 0x0000000089b00000| Complete 
| 126|0x0000000089c00000, 0x0000000089d00000, 0x0000000089d00000|100%| E|CS|TAMS 0x0000000089c00000, 0x0000000089c00000| Complete 
| 127|0x0000000089d00000, 0x0000000089e00000, 0x0000000089e00000|100%| E|CS|TAMS 0x0000000089d00000, 0x0000000089d00000| Complete 

Card table byte_map: [0x00000202312a0000,0x00000202316a0000] _byte_map_base: 0x0000020230e91000

Marking Bits (Prev, Next): (CMBitMap*) 0x0000020219457f68, (CMBitMap*) 0x0000020219457fa0
 Prev Bits: [0x0000020231aa0000, 0x0000020233a28000)
 Next Bits: [0x0000020233a30000, 0x00000202359b8000)

Polling page: 0x0000020216f40000

Metaspace:

Usage:
  Non-class:     15.35 MB capacity,    15.08 MB ( 98%) used,   225.39 KB (  1%) free+waste,    44.38 KB ( <1%) overhead. 
      Class:      1.96 MB capacity,     1.79 MB ( 92%) used,   148.81 KB (  7%) free+waste,    21.44 KB (  1%) overhead. 
       Both:     17.31 MB capacity,    16.88 MB ( 98%) used,   374.20 KB (  2%) free+waste,    65.81 KB ( <1%) overhead. 

Virtual space:
  Non-class space:       16.00 MB reserved,      15.50 MB ( 97%) committed 
      Class space:        1.00 GB reserved,       2.00 MB ( <1%) committed 
             Both:        1.02 GB reserved,      17.50 MB (  2%) committed 

Chunk freelists:
   Non-Class:  3.50 KB
       Class:  1.25 KB
        Both:  4.75 KB

CodeHeap 'non-profiled nmethods': size=238912Kb used=3674Kb max_used=3674Kb free=235237Kb
 bounds [0x0000020221f30000, 0x00000202222d0000, 0x0000020230880000]
CodeHeap 'non-nmethods': size=6848Kb used=1132Kb max_used=1132Kb free=5715Kb
 bounds [0x0000020221880000, 0x0000020221af0000, 0x0000020221f30000]
 total_blobs=2339 nmethods=1874 adapters=375
 compilation: enabled
              stopped_count=0, restarted_count=0
 full_count=0

Compilation events (10 events):
Event: 13.770 Thread 0x0000020238771000 1869       1       java.io.ByteArrayOutputStream::<init> (43 bytes)
Event: 13.771 Thread 0x0000020238771000 nmethod 1869 0x00000202222c2190 code [0x00000202222c23a0, 0x00000202222c28e0]
Event: 13.772 Thread 0x0000020238771000 1870       1       java.nio.DirectLongBufferU::ix (10 bytes)
Event: 13.772 Thread 0x0000020238771000 nmethod 1870 0x00000202222c3190 code [0x00000202222c3340, 0x00000202222c3478]
Event: 13.772 Thread 0x0000020238771000 1872       1       java.net.URI::getScheme (5 bytes)
Event: 13.772 Thread 0x0000020238771000 nmethod 1872 0x00000202222c3510 code [0x00000202222c36c0, 0x00000202222c37d8]
Event: 13.847 Thread 0x0000020238771000 1873       1       java.io.ByteArrayOutputStream::<init> (7 bytes)
Event: 13.847 Thread 0x0000020238771000 nmethod 1873 0x00000202222c3890 code [0x00000202222c3a40, 0x00000202222c3b90]
Event: 13.849 Thread 0x0000020238771000 1874       1       sun.nio.fs.WindowsPathParser::normalize (233 bytes)
Event: 13.852 Thread 0x0000020238771000 nmethod 1874 0x00000202222c3c90 code [0x00000202222c4040, 0x00000202222c5190]

GC Heap History (5 events):
Event: 6.336 GC heap before
{Heap before GC invocations=0 (full 0):
 garbage-first heap   total 131072K, used 14336K [0x0000000081e00000, 0x0000000100000000)
  region size 1024K, 14 young (14336K), 0 survivors (0K)
 Metaspace       used 9744K, capacity 9912K, committed 9984K, reserved 1058816K
  class space    used 953K, capacity 1012K, committed 1024K, reserved 1048576K
}
Event: 6.347 GC heap after
{Heap after GC invocations=1 (full 0):
 garbage-first heap   total 131072K, used 4844K [0x0000000081e00000, 0x0000000100000000)
  region size 1024K, 2 young (2048K), 2 survivors (2048K)
 Metaspace       used 9744K, capacity 9912K, committed 9984K, reserved 1058816K
  class space    used 953K, capacity 1012K, committed 1024K, reserved 1048576K
}
Event: 6.710 GC heap before
{Heap before GC invocations=1 (full 0):
 garbage-first heap   total 131072K, used 9964K [0x0000000081e00000, 0x0000000100000000)
  region size 1024K, 7 young (7168K), 2 survivors (2048K)
 Metaspace       used 10227K, capacity 10367K, committed 10624K, reserved 1058816K
  class space    used 991K, capacity 1058K, committed 1152K, reserved 1048576K
}
Event: 6.715 GC heap after
{Heap after GC invocations=2 (full 0):
 garbage-first heap   total 131072K, used 5955K [0x0000000081e00000, 0x0000000100000000)
  region size 1024K, 1 young (1024K), 1 survivors (1024K)
 Metaspace       used 10227K, capacity 10367K, committed 10624K, reserved 1058816K
  class space    used 991K, capacity 1058K, committed 1152K, reserved 1048576K
}
Event: 13.880 GC heap before
{Heap before GC invocations=2 (full 0):
 garbage-first heap   total 131072K, used 26435K [0x0000000081e00000, 0x0000000100000000)
  region size 1024K, 21 young (21504K), 1 survivors (1024K)
 Metaspace       used 17281K, capacity 17722K, committed 17920K, reserved 1064960K
  class space    used 1835K, capacity 2006K, committed 2048K, reserved 1048576K
}

Deoptimization events (0 events):
No events

Classes redefined (10 events):
Event: 6.458 Thread 0x00000202386e1000 redefined class name=java.lang.Error, count=2
Event: 6.769 Thread 0x00000202386e1000 redefined class name=jdk.jfr.events.ActiveRecordingEvent, count=1
Event: 6.773 Thread 0x00000202386e1000 redefined class name=jdk.jfr.events.ActiveSettingEvent, count=1
Event: 6.777 Thread 0x00000202386e1000 redefined class name=jdk.jfr.events.ErrorThrownEvent, count=1
Event: 6.782 Thread 0x00000202386e1000 redefined class name=jdk.jfr.events.ExceptionStatisticsEvent, count=1
Event: 6.786 Thread 0x00000202386e1000 redefined class name=jdk.jfr.events.SocketWriteEvent, count=1
Event: 6.790 Thread 0x00000202386e1000 redefined class name=jdk.jfr.events.SocketReadEvent, count=1
Event: 6.794 Thread 0x00000202386e1000 redefined class name=jdk.jfr.events.FileWriteEvent, count=1
Event: 6.799 Thread 0x00000202386e1000 redefined class name=jdk.jfr.events.FileReadEvent, count=1
Event: 6.804 Thread 0x00000202386e1000 redefined class name=jdk.jfr.events.FileForceEvent, count=1

Internal exceptions (10 events):
Event: 11.258 Thread 0x0000020219411000 Exception <a 'java/lang/NoSuchMethodError'{0x00000000896e5a40}: java.lang.invoke.DirectMethodHandle$Holder.invokeStatic(Ljava/lang/Object;Ljava/lang/Object;IIII)Ljava/lang/Object;> (0x00000000896e5a40) thrown at [t:/workspace/open/src/hotspot/share/interp
Event: 11.259 Thread 0x0000020219411000 Exception <a 'java/lang/NoSuchMethodError'{0x00000000896e8e00}: java.lang.invoke.DirectMethodHandle$Holder.invokeStaticInit(Ljava/lang/Object;Ljava/lang/Object;IIII)Ljava/lang/Object;> (0x00000000896e8e00) thrown at [t:/workspace/open/src/hotspot/share/in
Event: 11.303 Thread 0x0000020219411000 Exception <a 'java/lang/ClassNotFoundException'{0x000000008950c670}: javax/management/remote/rmi/RMIServerImpl_Skel> (0x000000008950c670) thrown at [t:/workspace/open/src/hotspot/share/classfile/systemDictionary.cpp, line 231]
Event: 12.131 Thread 0x0000020219411000 Exception <a 'java/lang/ClassNotFoundException'{0x00000000894d7c50}: javax/smartcardio/CardPermission> (0x00000000894d7c50) thrown at [t:/workspace/open/src/hotspot/share/classfile/systemDictionary.cpp, line 231]
Event: 12.143 Thread 0x0000020219411000 Exception <a 'java/io/FileNotFoundException'{0x00000000894e60d0}> (0x00000000894e60d0) thrown at [t:/workspace/open/src/hotspot/share/prims/jni.cpp, line 615]
Event: 13.407 Thread 0x0000020219411000 Exception <a 'java/lang/NoSuchMethodError'{0x00000000890c72d8}: java.lang.invoke.DirectMethodHandle$Holder.invokeSpecialIFC(Ljava/lang/Object;Ljava/lang/Object;Ljava/lang/Object;Ljava/lang/Object;)Ljava/lang/Object;> (0x00000000890c72d8) thrown at [t:/wor
Event: 13.424 Thread 0x0000020219411000 Exception <a 'java/lang/NoSuchMethodError'{0x0000000088f18998}: java.lang.invoke.DirectMethodHandle$Holder.invokeVirtual(Ljava/lang/Object;Ljava/lang/Object;Ljava/lang/Object;)I> (0x0000000088f18998) thrown at [t:/workspace/open/src/hotspot/share/interpre
Event: 13.447 Thread 0x0000020219411000 Exception <a 'java/lang/NoSuchMethodError'{0x0000000088f87720}: java.lang.invoke.DirectMethodHandle$Holder.invokeStaticInit(Ljava/lang/Object;Ljava/lang/Object;)I> (0x0000000088f87720) thrown at [t:/workspace/open/src/hotspot/share/interpreter/linkResolve
Event: 13.598 Thread 0x0000020219411000 Exception <a 'java/lang/NoSuchMethodError'{0x0000000088de0fa8}: java.lang.invoke.DirectMethodHandle$Holder.invokeStaticInit(Ljava/lang/Object;Ljava/lang/Object;Ljava/lang/Object;)I> (0x0000000088de0fa8) thrown at [t:/workspace/open/src/hotspot/share/inter
Event: 13.606 Thread 0x0000020219411000 Exception <a 'java/lang/NoSuchMethodError'{0x0000000088c11c78}: java.lang.invoke.DirectMethodHandle$Holder.invokeVirtual(Ljava/lang/Object;Ljava/lang/Object;Ljava/lang/Object;)Ljava/lang/Object;> (0x0000000088c11c78) thrown at [t:/workspace/open/src/hotsp

Events (10 events):
Event: 13.697 loading class java/util/stream/Node$Builder
Event: 13.714 loading class java/util/stream/Node$Builder done
Event: 13.714 loading class java/util/stream/Nodes$ArrayNode
Event: 13.727 loading class java/util/stream/Nodes$ArrayNode done
Event: 13.727 loading class java/util/stream/Nodes$FixedNodeBuilder done
Event: 13.744 loading class java/util/jar/JarVerifier
Event: 13.748 loading class java/util/jar/JarVerifier done
Event: 13.748 loading class java/security/CodeSigner
Event: 13.749 loading class java/security/CodeSigner done
Event: 13.880 Executing VM operation: G1CollectForAllocation


Dynamic libraries:
0x00007ff7a2c50000 - 0x00007ff7a2c97000 	C:\Program Files\Java\jdk-11.0.5\bin\java.exe
0x00007ffa5b0f0000 - 0x00007ffa5b2e8000 	C:\WINDOWS\SYSTEM32\ntdll.dll
0x00007ffa29380000 - 0x00007ffa29397000 	C:\Program Files\AVAST Software\Avast\aswhook.dll
0x00007ffa5a6e0000 - 0x00007ffa5a79f000 	C:\WINDOWS\System32\KERNEL32.DLL
0x00007ffa58d00000 - 0x00007ffa58fd2000 	C:\WINDOWS\System32\KERNELBASE.dll
0x00007ffa5a630000 - 0x00007ffa5a6de000 	C:\WINDOWS\System32\ADVAPI32.dll
0x00007ffa5afb0000 - 0x00007ffa5b04e000 	C:\WINDOWS\System32\msvcrt.dll
0x00007ffa591c0000 - 0x00007ffa5925c000 	C:\WINDOWS\System32\sechost.dll
0x00007ffa5a800000 - 0x00007ffa5a925000 	C:\WINDOWS\System32\RPCRT4.dll
0x00007ffa5ae00000 - 0x00007ffa5afa1000 	C:\WINDOWS\System32\USER32.dll
0x00007ffa58cd0000 - 0x00007ffa58cf2000 	C:\WINDOWS\System32\win32u.dll
0x00007ffa595f0000 - 0x00007ffa5961b000 	C:\WINDOWS\System32\GDI32.dll
0x00007ffa58890000 - 0x00007ffa5899f000 	C:\WINDOWS\System32\gdi32full.dll
0x00007ffa58c00000 - 0x00007ffa58c9d000 	C:\WINDOWS\System32\msvcp_win.dll
0x00007ffa58fe0000 - 0x00007ffa590e0000 	C:\WINDOWS\System32\ucrtbase.dll
0x00007ffa48b20000 - 0x00007ffa48dba000 	C:\WINDOWS\WinSxS\amd64_microsoft.windows.common-controls_6595b64144ccf1df_6.0.19041.1110_none_60b5254171f9507e\COMCTL32.dll
0x00007ffa50390000 - 0x00007ffa5039a000 	C:\WINDOWS\SYSTEM32\VERSION.dll
0x00007ffa5a5e0000 - 0x00007ffa5a612000 	C:\WINDOWS\System32\IMM32.DLL
0x00007ffa54310000 - 0x00007ffa54326000 	C:\Program Files\Java\jdk-11.0.5\bin\vcruntime140.dll
0x00007ffa41bd0000 - 0x00007ffa41c7a000 	C:\Program Files\Java\jdk-11.0.5\bin\msvcp140.dll
0x00007ffa0fc00000 - 0x00007ffa10728000 	C:\Program Files\Java\jdk-11.0.5\bin\server\jvm.dll
0x00007ffa59530000 - 0x00007ffa59538000 	C:\WINDOWS\System32\PSAPI.DLL
0x00007ffa4ec20000 - 0x00007ffa4ec47000 	C:\WINDOWS\SYSTEM32\WINMM.dll
0x00007ffa45e30000 - 0x00007ffa45e39000 	C:\WINDOWS\SYSTEM32\WSOCK32.dll
0x00007ffa59980000 - 0x00007ffa599eb000 	C:\WINDOWS\System32\WS2_32.dll
0x00007ffa566a0000 - 0x00007ffa566b2000 	C:\WINDOWS\SYSTEM32\kernel.appcore.dll
0x00007ffa53260000 - 0x00007ffa53271000 	C:\Program Files\Java\jdk-11.0.5\bin\verify.dll
0x00007ffa4f670000 - 0x00007ffa4f854000 	C:\WINDOWS\SYSTEM32\DBGHELP.DLL
0x00007ffa4f5b0000 - 0x00007ffa4f5e5000 	C:\WINDOWS\SYSTEM32\dbgcore.DLL
0x00007ffa58b70000 - 0x00007ffa58bf2000 	C:\WINDOWS\System32\bcryptPrimitives.dll
0x00007ffa51850000 - 0x00007ffa51879000 	C:\Program Files\Java\jdk-11.0.5\bin\java.dll
0x00007ffa517b0000 - 0x00007ffa517df000 	C:\Program Files\Java\jdk-11.0.5\bin\instrument.dll
0x00007ffa11dd0000 - 0x00007ffa12012000 	C:\Users\nakab\AppData\Local\Temp\libasyncProfiler.dll
0x00007ffa531e0000 - 0x00007ffa531f6000 	C:\Program Files\Java\jdk-11.0.5\bin\zip.dll
0x00007ffa54300000 - 0x00007ffa5430a000 	C:\Program Files\Java\jdk-11.0.5\bin\jimage.dll
0x00007ffa59e00000 - 0x00007ffa5a544000 	C:\WINDOWS\System32\SHELL32.dll
0x00007ffa568a0000 - 0x00007ffa57032000 	C:\WINDOWS\SYSTEM32\windows.storage.dll
0x00007ffa599f0000 - 0x00007ffa59d45000 	C:\WINDOWS\System32\combase.dll
0x00007ffa58240000 - 0x00007ffa58270000 	C:\WINDOWS\SYSTEM32\Wldp.dll
0x00007ffa59d50000 - 0x00007ffa59dfd000 	C:\WINDOWS\System32\SHCORE.dll
0x00007ffa59380000 - 0x00007ffa593d5000 	C:\WINDOWS\System32\shlwapi.dll
0x00007ffa58720000 - 0x00007ffa5873f000 	C:\WINDOWS\SYSTEM32\profapi.dll
0x00007ffa52230000 - 0x00007ffa52249000 	C:\Program Files\Java\jdk-11.0.5\bin\net.dll
0x00007ffa4e730000 - 0x00007ffa4e83c000 	C:\WINDOWS\SYSTEM32\WINHTTP.dll
0x00007ffa57fa0000 - 0x00007ffa5800a000 	C:\WINDOWS\system32\mswsock.dll
0x00007ffa51830000 - 0x00007ffa51843000 	C:\Program Files\Java\jdk-11.0.5\bin\nio.dll
0x00007ffa2b660000 - 0x00007ffa2b6a9000 	C:\WINDOWS\system32\pdh.dll
0x00007ffa43050000 - 0x00007ffa4305f000 	C:\WINDOWS\System32\perfos.dll
0x00007ffa532e0000 - 0x00007ffa532ef000 	C:\WINDOWS\System32\perfproc.dll
0x00007ffa57c40000 - 0x00007ffa57c7b000 	C:\WINDOWS\system32\iphlpapi.dll
0x00007ffa57c90000 - 0x00007ffa57d5a000 	C:\WINDOWS\SYSTEM32\DNSAPI.dll
0x00007ffa59130000 - 0x00007ffa59138000 	C:\WINDOWS\System32\NSI.dll
0x00007ffa4e0d0000 - 0x00007ffa4e0da000 	C:\Windows\System32\rasadhlp.dll
0x00007ffa4dff0000 - 0x00007ffa4e070000 	C:\WINDOWS\System32\fwpuclnt.dll
0x00007ffa58ca0000 - 0x00007ffa58cc7000 	C:\WINDOWS\System32\bcrypt.dll
0x00007ffa532b0000 - 0x00007ffa532b9000 	C:\Program Files\Java\jdk-11.0.5\bin\management.dll
0x00007ffa52d90000 - 0x00007ffa52d9c000 	C:\Program Files\Java\jdk-11.0.5\bin\management_ext.dll
0x00007ffa58190000 - 0x00007ffa581a8000 	C:\WINDOWS\SYSTEM32\CRYPTSP.dll
0x00007ffa57850000 - 0x00007ffa57884000 	C:\WINDOWS\system32\rsaenh.dll
0x00007ffa586e0000 - 0x00007ffa5870e000 	C:\WINDOWS\SYSTEM32\USERENV.dll
0x00007ffa581b0000 - 0x00007ffa581bc000 	C:\WINDOWS\SYSTEM32\CRYPTBASE.dll
0x00007ffa503c0000 - 0x00007ffa503d7000 	C:\WINDOWS\SYSTEM32\dhcpcsvc6.DLL
0x00007ffa503a0000 - 0x00007ffa503bd000 	C:\WINDOWS\SYSTEM32\dhcpcsvc.DLL
0x00007ffa3f040000 - 0x00007ffa3f057000 	C:\WINDOWS\system32\napinsp.dll
0x00007ffa3f020000 - 0x00007ffa3f03b000 	C:\WINDOWS\system32\pnrpnsp.dll
0x00007ffa3f000000 - 0x00007ffa3f015000 	C:\WINDOWS\system32\wshbth.dll
0x00007ffa54170000 - 0x00007ffa5418d000 	C:\WINDOWS\system32\NLAapi.dll
0x00007ffa3efe0000 - 0x00007ffa3eff2000 	C:\WINDOWS\System32\winrnr.dll

dbghelp: loaded successfully - version: 4.0.5 - missing functions: none
symbol engine: initialized successfully - sym options: 0x614 - pdb path: .;C:\Program Files\Java\jdk-11.0.5\bin;C:\WINDOWS\SYSTEM32;C:\Program Files\AVAST Software\Avast;C:\WINDOWS\WinSxS\amd64_microsoft.windows.common-controls_6595b64144ccf1df_6.0.19041.1110_none_60b5254171f9507e;C:\Program Files\Java\jdk-11.0.5\bin\server;C:\Users\nakab\AppData\Local\Temp

VM Arguments:
jvm_args: -XX:TieredStopAtLevel=1 -Xverify:none -Dspring.output.ansi.enabled=always -Dcom.sun.management.jmxremote -Dspring.jmx.enabled=true -Dspring.liveBeansView.mbeanDomain -Dspring.application.admin.enabled=true -Dmanagement.endpoints.jmx.exposure.include=* -javaagent:D:\опнаю\IntelliJ IDEA 2022.3.2\lib\idea_rt.jar=50654:D:\опнаю\IntelliJ IDEA 2022.3.2\bin -agentpath:C:\Users\nakab\AppData\Local\Temp\libasyncProfiler.dll=start,jfr,event=cpu,interval=10ms,jfrsync=profile,cstack=no,file=C:\Users\nakab\SpringWebAppApplication_2023_02_19_104745.jfr -Dfile.encoding=UTF-8 
java_command: com.example.springwebapp.SpringWebAppApplication
java_class_path (initial): C:\Users\nakab\Downloads\students-master\web\target\classes;C:\Users\nakab\.m2\repository\org\springframework\boot\spring-boot-starter-thymeleaf\2.4.5\spring-boot-starter-thymeleaf-2.4.5.jar;C:\Users\nakab\.m2\repository\org\springframework\boot\spring-boot-starter\2.4.5\spring-boot-starter-2.4.5.jar;C:\Users\nakab\.m2\repository\org\springframework\boot\spring-boot-starter-logging\2.4.5\spring-boot-starter-logging-2.4.5.jar;C:\Users\nakab\.m2\repository\ch\qos\logback\logback-classic\1.2.3\logback-classic-1.2.3.jar;C:\Users\nakab\.m2\repository\ch\qos\logback\logback-core\1.2.3\logback-core-1.2.3.jar;C:\Users\nakab\.m2\repository\org\apache\logging\log4j\log4j-to-slf4j\2.13.3\log4j-to-slf4j-2.13.3.jar;C:\Users\nakab\.m2\repository\org\apache\logging\log4j\log4j-api\2.13.3\log4j-api-2.13.3.jar;C:\Users\nakab\.m2\repository\org\slf4j\jul-to-slf4j\1.7.30\jul-to-slf4j-1.7.30.jar;C:\Users\nakab\.m2\repository\jakarta\annotation\jakarta.annotation-api\1.3.5\jakarta.annotation-api-1.3.5.jar;C:\Users\nakab\.m2\repository\org\yaml\snakeyaml\1.27\snakeyaml-1.27.jar;C:\Users\nakab\.m2\repository\org\thymeleaf\thymeleaf-spring5\3.0.12.RELEASE\thymeleaf-spring5-3.0.12.RELEASE.jar;C:\Users\nakab\.m2\repository\org\thymeleaf\thymeleaf\3.0.12.RELEASE\thymeleaf-3.0.12.RELEASE.jar;C:\Users\nakab\.m2\repository\org\attoparser\attoparser\2.0.5.RELEASE\attoparser-2.0.5.RELEASE.jar;C:\Users\nakab\.m2\repository\org\unbescape\unbescape\1.1.6.RELEASE\unbescape-1.1.6.RELEASE.jar;C:\Users\nakab\.m2\repository\org\slf4j\slf4j-api\1.7.30\slf4j-api-1.7.30.jar;C:\Users\nakab\.m2\repository\org\thymeleaf\extras\thymeleaf-extras-java8time\3.0.4.RELEASE\thymeleaf-extras-java8time-3.0.4.RELEASE.jar;C:\Users\nakab\.m2\repository\org\springframework\boot\spring-boot-starter-web\2.4.5\spring-boot-starter-web-2.4.5.jar;C:\Users\nakab\.m2\repository\org\springframework\boot\spring-boot-starter-json\2.4.5\spring-boot-starter-json-2.4.5.jar;C:\Users\nakab\.m2\repository\com\fa
Launcher Type: SUN_STANDARD

[Global flags]
     bool BytecodeVerificationLocal                = false                                     {product} {command line}
     bool BytecodeVerificationRemote               = false                                     {product} {command line}
     intx CICompilerCount                          = 3                                         {product} {ergonomic}
     uint ConcGCThreads                            = 1                                         {product} {ergonomic}
     bool FlightRecorder                           = true                                      {product} {management}
     uint G1ConcRefinementThreads                  = 4                                         {product} {ergonomic}
   size_t G1HeapRegionSize                         = 1048576                                   {product} {ergonomic}
    uintx GCDrainStackTargetSize                   = 64                                        {product} {ergonomic}
   size_t InitialHeapSize                          = 134217728                                 {product} {ergonomic}
     bool ManagementServer                         = true                                      {product} {command line}
   size_t MarkStackSize                            = 4194304                                   {product} {ergonomic}
   size_t MaxHeapSize                              = 2116026368                                {product} {ergonomic}
   size_t MaxNewSize                               = 1268776960                                {product} {ergonomic}
   size_t MinHeapDeltaBytes                        = 1048576                                   {product} {ergonomic}
    uintx NonNMethodCodeHeapSize                   = 6973028                                {pd product} {ergonomic}
    uintx NonProfiledCodeHeapSize                  = 244685212                              {pd product} {ergonomic}
    uintx ProfiledCodeHeapSize                     = 0                                      {pd product} {ergonomic}
    uintx ReservedCodeCacheSize                    = 251658240                              {pd product} {ergonomic}
     bool SegmentedCodeCache                       = true                                      {product} {ergonomic}
     intx TieredStopAtLevel                        = 1                                         {product} {command line}
     bool UseCompressedClassPointers               = true                                 {lp64_product} {ergonomic}
     bool UseCompressedOops                        = true                                 {lp64_product} {ergonomic}
     bool UseG1GC                                  = true                                      {product} {ergonomic}
     bool UseLargePagesIndividualAllocation        = false                                  {pd product} {ergonomic}

Logging:
Log output configuration:
 #0: stdout all=warning uptime,level,tags
 #1: stderr all=off uptime,level,tags

Environment Variables:
JAVA_HOME=C: \ Program Files \ Java \ jdk-11.0.5
PATH=C:\Python310\Scripts\;C:\Python310\;C:\Program Files (x86)\Rockwell Software\RSCommon;C:\Program Files (x86)\Intel\iCLS Client\;C:\Program Files\Intel\iCLS Client\;C:\Windows\system32;C:\Windows;C:\Windows\System32\Wbem;C:\Windows\System32\WindowsPowerShell\v1.0\;C:\Program Files (x86)\Intel\Intel(R) Management Engine Components\DAL;C:\Program Files\Intel\Intel(R) Management Engine Components\DAL;C:\Program Files (x86)\Intel\Intel(R) Management Engine Components\IPT;C:\Program Files\Intel\Intel(R) Management Engine Components\IPT;C:\Program Files (x86)\NVIDIA Corporation\PhysX\Common;C:\WINDOWS\system32;C:\WINDOWS;C:\WINDOWS\System32\Wbem;C:\WINDOWS\System32\WindowsPowerShell\v1.0\;C:\WINDOWS\System32\OpenSSH\;C: \ Program Files \ Java \ jdk-11.0.5\bin;C:\Program Files\dotnet\;C:\Program Files (x86)\dotnet\;C:\ProgramData\chocolatey\bin;C:\Program Files\nodejs\;C:\Strawberry\c\bin;C:\Strawberry\perl\site\bin;C:\Strawberry\perl\bin;C:\Program Files\MySQL\MySQL Shell 8.0\bin\;C:\Users\nakab\AppData\Local\Programs\Python\Python38\Scripts\;C:\Users\nakab\AppData\Local\Programs\Python\Python38\;C:\Users\nakab\AppData\Local\Microsoft\WindowsApps;C:\Users\nakab\.dotnet\tools;D:\опнаю\IntelliJ IDEA 2022.3.2\bin;;D:\опнаю\Microsoft VS Code\bin;C:\Users\nakab\AppData\Roaming\npm
USERNAME=nakab
OS=Windows_NT
PROCESSOR_IDENTIFIER=Intel64 Family 6 Model 142 Stepping 10, GenuineIntel



---------------  S Y S T E M  ---------------

OS: Windows 10 , 64 bit Build 19041 (10.0.19041.2364)

CPU:total 4 (initial active 4) (2 cores per cpu, 2 threads per core) family 6 model 142 stepping 10, cmov, cx8, fxsr, mmx, sse, sse2, sse3, ssse3, sse4.1, sse4.2, popcnt, avx, avx2, aes, clmul, erms, 3dnowpref, lzcnt, ht, tsc, tscinvbit, bmi1, bmi2, adx, fma

Memory: 4k page, system-wide physical 8067M (427M free)
TotalPageFile size 17795M (AvailPageFile size 3842M)
current process WorkingSet (physical memory assigned to process): 101M, peak: 102M
current process commit charge ("private bytes"): 255M, peak: 255M

vm_info: Java HotSpot(TM) 64-Bit Server VM (11.0.5+10-LTS) for windows-amd64 JRE (11.0.5+10-LTS), built on Oct  6 2019 12:37:14 by "mach5one" with MS VC++ 15.5 (VS2017)

END.
